
ROM used: 3551 (45%)
          3565 (45%) including unused fragments

          1 Average locations per line
          7 Average locations per statement

RAM used: 171 (48%) at main() level
          192 (54%) worst case

Stack used: 7 worst case (out of 7 total available)

Lines Stmts  %   Files
----- ----- ---  -----
  352   179  36  ControladorPuerta.c
  330     0   0  C:\Archivos de programa\PICC\devices\16F877A.h
  296    63  13  C:\Archivos de programa\PICC\devices\wiegand.c
 1850   230  46  C:\Archivos de programa\PICC\drivers\modbus.c
   60     0   0  C:\Archivos de programa\PICC\drivers\EEPROMmemory.c
  104    28   6  C:\Archivos de programa\PICC\drivers\rtcDS1307.c
----- -----
 2992   500 Total

Page ROM  %  RAM   Vol Diff  Functions:
---- --- --- ---   --- ----  ----------
0     21   1   1             @delay_ms1
0     16   0   3   120  3.4  clean_buffer
 Inline        2   438  5.7  code_update
0     24   1   4   160  4.2  buffer_update
1     77   2   0   106  2.5  receive_wiegand
 Inline        3    66  2.7  get_code
0      7   0   0    13  1.0  get_door
0     51   1   0   270  4.1  ext_handler
0     10   0   0   214  1.2  wiegand_init
0     11   0   0             @GETCH_BIU_1
0    263   7   0             @const156
0    263   7   0             @const158
0      9   0   0   172  2.7  RCV_ON
0     15   0   0   130  2.3  modbus_init
0     16   0   1   121  2.2  modbus_enable_timeout
0     31   1   0   254  5.0  modbus_timeout_now
0     18   1   2   256  3.7  modbus_calc_crc
1     25   1   1   131  2.6  modbus_serial_putc
0     72   2   3   749  6.3  incomming_modbus_serial
1     22   1   2   262  4.5  modbus_serial_send_start
1     31   1   2   413  5.7  modbus_serial_send_stop
1     20   1   0   225  5.4  modbus_kbhit
 Inline        8   351  5.5  modbus_read_holding_registers_rsp
 Inline        8   351  5.5  modbus_read_input_registers_rsp
 Inline        6   270  2.1  modbus_write_single_coil_rsp
 Inline        6   270  2.1  modbus_write_multiple_registers_rsp
 Inline        6   125  1.9  modbus_exception_rsp
0     77   2   3             @I2C_READ_1
0     76   2   1             @I2C_WRITE_1
0     24   1   2    74  3.1  dec_to_bcd
0     23   1   3             @DIV88
0     21   1   3   155  4.7  bcd_to_dec
1    218   6   6   354  2.1  rtc_init
 Inline        7   539  3.2  real_time
1     47   1   7   310  5.0  regist_data
1     41   1   7   282  4.5  conf_data
0     57   2   0   112  2.6  clean_registers
0     54   2   0    50  1.5  clean_white_memory
0     37   1   0   183  2.2  handle_door
0    705  20   3   899  5.3  regist
 Inline        9   936 10.0  find_user
0      9   0   0    57  1.5  intRB0_handler
0     43   1   0   245  3.6  timer1
1   1036  29   7  3913 11.5  MAIN

Program metrics:
    Functions               37
    Statements              500
    Comments                687
    Volume (V)              24363
    Difficilty (D)          144.8
    Effort to implement (E) 3528048
    Time to implement (T)   54 hours, 27 minutes
    Est Delivered Bugs (B)  8
    Cyclomatic Complexity   46
    Maintainability (MI)    114

 Segment     Used  Free
-----------  ----  ----
00000-00003     4  0  
00004-00050    77  0  
00051-007FF  1953  14  
00800-00FFF  1517  531  
01000-017FF     0  2048  
01800-01EFF     0  1792  



